#
# There is insufficient memory for the Java Runtime Environment to continue.
# Native memory allocation (malloc) failed to allocate 2796552192 bytes for committing reserved memory.
# Possible reasons:
#   The system is out of physical RAM or swap space
#   In 32 bit mode, the process size limit was hit
# Possible solutions:
#   Reduce memory load on the system
#   Increase physical memory or swap space
#   Check if swap backing store is full
#   Use 64 bit Java on a 64 bit OS
#   Decrease Java heap size (-Xmx/-Xms)
#   Decrease number of Java threads
#   Decrease Java thread stack sizes (-Xss)
#   Set larger code cache with -XX:ReservedCodeCacheSize=
# This output file may be truncated or incomplete.
#
#  Out of Memory Error (os_linux.cpp:2756), pid=11786, tid=140283494283008
#
# JRE version:  (7.0_80-b15) (build )
# Java VM: Java HotSpot(TM) 64-Bit Server VM (24.80-b11 mixed mode linux-amd64 compressed oops)
# Failed to write core dump. Core dumps have been disabled. To enable core dumping, try "ulimit -c unlimited" before starting Java again
#

---------------  T H R E A D  ---------------

Current thread (0x00007f964400c800):  JavaThread "Unknown thread" [_thread_in_vm, id=11788, stack(0x00007f964bc83000,0x00007f964bd84000)]

Stack: [0x00007f964bc83000,0x00007f964bd84000],  sp=0x00007f964bd82270,  free space=1020k
Native frames: (J=compiled Java code, j=interpreted, Vv=VM code, C=native code)
V  [libjvm.so+0x9a320a]  VMError::report_and_die()+0x2ea
V  [libjvm.so+0x498d3b]  report_vm_out_of_memory(char const*, int, unsigned long, char const*)+0x9b
V  [libjvm.so+0x82191e]  os::Linux::commit_memory_impl(char*, unsigned long, bool)+0xfe
V  [libjvm.so+0x821e69]  os::pd_commit_memory(char*, unsigned long, unsigned long, bool)+0x29
V  [libjvm.so+0x81bb6a]  os::commit_memory(char*, unsigned long, unsigned long, bool)+0x2a
V  [libjvm.so+0x88d623]  PSVirtualSpace::expand_by(unsigned long)+0x53
V  [libjvm.so+0x87c293]  PSOldGen::initialize(ReservedSpace, unsigned long, char const*, int)+0x103
V  [libjvm.so+0x29ace3]  AdjoiningGenerations::AdjoiningGenerations(ReservedSpace, unsigned long, unsigned long, unsigned long, unsigned long, unsigned long, unsigned long, unsigned long)+0x3e3
V  [libjvm.so+0x843215]  ParallelScavengeHeap::initialize()+0x4d5
V  [libjvm.so+0x97509a]  Universe::initialize_heap()+0xca
V  [libjvm.so+0x976269]  universe_init()+0x79
V  [libjvm.so+0x5b2f25]  init_globals()+0x65
V  [libjvm.so+0x95db4d]  Threads::create_vm(JavaVMInitArgs*, bool*)+0x1ed
V  [libjvm.so+0x63b2e4]  JNI_CreateJavaVM+0x74
C  [libjli.so+0x2f8e]  JavaMain+0x9e


---------------  P R O C E S S  ---------------

Java Threads: ( => current thread )

Other Threads:

=>0x00007f964400c800 (exited) JavaThread "Unknown thread" [_thread_in_vm, id=11788, stack(0x00007f964bc83000,0x00007f964bd84000)]

VM state:not at safepoint (not fully initialized)

VM Mutex/Monitor currently owned by a thread: None

GC Heap History (0 events):
No events

Deoptimization events (0 events):
No events

Internal exceptions (0 events):
No events

Events (0 events):
No events


Dynamic libraries:
00400000-00401000 r-xp 00000000 fc:00 1451905                            /usr/lib/jvm/java-7-oracle/bin/java
00600000-00601000 rw-p 00000000 fc:00 1451905                            /usr/lib/jvm/java-7-oracle/bin/java
0234d000-0236e000 rw-p 00000000 00:00 0                                  [heap]
700d80000-705f80000 rw-p 00000000 00:00 0 
7aca80000-800000000 rw-p 00000000 00:00 0 
7f9640806000-7f9640d64000 rw-p 00000000 00:00 0 
7f9640d64000-7f9641000000 rw-p 00000000 00:00 0 
7f9641000000-7f9641270000 rwxp 00000000 00:00 0 
7f9641270000-7f964402d000 rw-p 00000000 00:00 0 
7f964402d000-7f9648000000 ---p 00000000 00:00 0 
7f9648379000-7f96485c2000 rw-p 00000000 00:00 0 
7f96485c2000-7f96485e7000 r--p 00000000 fc:00 138987                     /usr/share/locale-langpack/es/LC_MESSAGES/libc.mo
7f96485e7000-7f96485fe000 r-xp 00000000 fc:00 1181492                    /usr/lib/jvm/java-7-oracle/jre/lib/amd64/libzip.so
7f96485fe000-7f96487fe000 ---p 00017000 fc:00 1181492                    /usr/lib/jvm/java-7-oracle/jre/lib/amd64/libzip.so
7f96487fe000-7f96487ff000 rw-p 00017000 fc:00 1181492                    /usr/lib/jvm/java-7-oracle/jre/lib/amd64/libzip.so
7f96487ff000-7f964880a000 r-xp 00000000 fc:00 393185                     /lib/x86_64-linux-gnu/libnss_files-2.23.so
7f964880a000-7f9648a09000 ---p 0000b000 fc:00 393185                     /lib/x86_64-linux-gnu/libnss_files-2.23.so
7f9648a09000-7f9648a0a000 r--p 0000a000 fc:00 393185                     /lib/x86_64-linux-gnu/libnss_files-2.23.so
7f9648a0a000-7f9648a0b000 rw-p 0000b000 fc:00 393185                     /lib/x86_64-linux-gnu/libnss_files-2.23.so
7f9648a0b000-7f9648a11000 rw-p 00000000 00:00 0 
7f9648a11000-7f9648a1c000 r-xp 00000000 fc:00 393164                     /lib/x86_64-linux-gnu/libnss_nis-2.23.so
7f9648a1c000-7f9648c1b000 ---p 0000b000 fc:00 393164                     /lib/x86_64-linux-gnu/libnss_nis-2.23.so
7f9648c1b000-7f9648c1c000 r--p 0000a000 fc:00 393164                     /lib/x86_64-linux-gnu/libnss_nis-2.23.so
7f9648c1c000-7f9648c1d000 rw-p 0000b000 fc:00 393164                     /lib/x86_64-linux-gnu/libnss_nis-2.23.so
7f9648c1d000-7f9648c33000 r-xp 00000000 fc:00 393181                     /lib/x86_64-linux-gnu/libnsl-2.23.so
7f9648c33000-7f9648e32000 ---p 00016000 fc:00 393181                     /lib/x86_64-linux-gnu/libnsl-2.23.so
7f9648e32000-7f9648e33000 r--p 00015000 fc:00 393181                     /lib/x86_64-linux-gnu/libnsl-2.23.so
7f9648e33000-7f9648e34000 rw-p 00016000 fc:00 393181                     /lib/x86_64-linux-gnu/libnsl-2.23.so
7f9648e34000-7f9648e36000 rw-p 00000000 00:00 0 
7f9648e36000-7f9648e3e000 r-xp 00000000 fc:00 393193                     /lib/x86_64-linux-gnu/libnss_compat-2.23.so
7f9648e3e000-7f964903d000 ---p 00008000 fc:00 393193                     /lib/x86_64-linux-gnu/libnss_compat-2.23.so
7f964903d000-7f964903e000 r--p 00007000 fc:00 393193                     /lib/x86_64-linux-gnu/libnss_compat-2.23.so
7f964903e000-7f964903f000 rw-p 00008000 fc:00 393193                     /lib/x86_64-linux-gnu/libnss_compat-2.23.so
7f964903f000-7f964958c000 r--p 00000000 fc:00 1177285                    /usr/lib/locale/locale-archive
7f964958c000-7f964958e000 r-xp 00000000 fc:00 1182490                    /usr/lib/jvm/java-7-oracle/jre/lib/amd64/libnpt.so
7f964958e000-7f964978e000 ---p 00002000 fc:00 1182490                    /usr/lib/jvm/java-7-oracle/jre/lib/amd64/libnpt.so
7f964978e000-7f964978f000 rw-p 00002000 fc:00 1182490                    /usr/lib/jvm/java-7-oracle/jre/lib/amd64/libnpt.so
7f964978f000-7f96497c8000 r-xp 00000000 fc:00 1180996                    /usr/lib/jvm/java-7-oracle/jre/lib/amd64/libjdwp.so
7f96497c8000-7f96499c8000 ---p 00039000 fc:00 1180996                    /usr/lib/jvm/java-7-oracle/jre/lib/amd64/libjdwp.so
7f96499c8000-7f96499c9000 rw-p 00039000 fc:00 1180996                    /usr/lib/jvm/java-7-oracle/jre/lib/amd64/libjdwp.so
7f96499c9000-7f96499ca000 rw-p 00000000 00:00 0 
7f96499ca000-7f96499f3000 r-xp 00000000 fc:00 1180989                    /usr/lib/jvm/java-7-oracle/jre/lib/amd64/libjava.so
7f96499f3000-7f9649bf3000 ---p 00029000 fc:00 1180989                    /usr/lib/jvm/java-7-oracle/jre/lib/amd64/libjava.so
7f9649bf3000-7f9649bf5000 rw-p 00029000 fc:00 1180989                    /usr/lib/jvm/java-7-oracle/jre/lib/amd64/libjava.so
7f9649bf5000-7f9649c02000 r-xp 00000000 fc:00 1181485                    /usr/lib/jvm/java-7-oracle/jre/lib/amd64/libverify.so
7f9649c02000-7f9649e01000 ---p 0000d000 fc:00 1181485                    /usr/lib/jvm/java-7-oracle/jre/lib/amd64/libverify.so
7f9649e01000-7f9649e03000 rw-p 0000c000 fc:00 1181485                    /usr/lib/jvm/java-7-oracle/jre/lib/amd64/libverify.so
7f9649e03000-7f9649e0a000 r-xp 00000000 fc:00 393136                     /lib/x86_64-linux-gnu/librt-2.23.so
7f9649e0a000-7f964a009000 ---p 00007000 fc:00 393136                     /lib/x86_64-linux-gnu/librt-2.23.so
7f964a009000-7f964a00a000 r--p 00006000 fc:00 393136                     /lib/x86_64-linux-gnu/librt-2.23.so
7f964a00a000-7f964a00b000 rw-p 00007000 fc:00 393136                     /lib/x86_64-linux-gnu/librt-2.23.so
7f964a00b000-7f964a113000 r-xp 00000000 fc:00 393195                     /lib/x86_64-linux-gnu/libm-2.23.so
7f964a113000-7f964a312000 ---p 00108000 fc:00 393195                     /lib/x86_64-linux-gnu/libm-2.23.so
7f964a312000-7f964a313000 r--p 00107000 fc:00 393195                     /lib/x86_64-linux-gnu/libm-2.23.so
7f964a313000-7f964a314000 rw-p 00108000 fc:00 393195                     /lib/x86_64-linux-gnu/libm-2.23.so
7f964a314000-7f964ae8a000 r-xp 00000000 fc:00 1182488                    /usr/lib/jvm/java-7-oracle/jre/lib/amd64/server/libjvm.so
7f964ae8a000-7f964b089000 ---p 00b76000 fc:00 1182488                    /usr/lib/jvm/java-7-oracle/jre/lib/amd64/server/libjvm.so
7f964b089000-7f964b14d000 rw-p 00b75000 fc:00 1182488                    /usr/lib/jvm/java-7-oracle/jre/lib/amd64/server/libjvm.so
7f964b14d000-7f964b18e000 rw-p 00000000 00:00 0 
7f964b18e000-7f964b34e000 r-xp 00000000 fc:00 393191                     /lib/x86_64-linux-gnu/libc-2.23.so
7f964b34e000-7f964b54e000 ---p 001c0000 fc:00 393191                     /lib/x86_64-linux-gnu/libc-2.23.so
7f964b54e000-7f964b552000 r--p 001c0000 fc:00 393191                     /lib/x86_64-linux-gnu/libc-2.23.so
7f964b552000-7f964b554000 rw-p 001c4000 fc:00 393191                     /lib/x86_64-linux-gnu/libc-2.23.so
7f964b554000-7f964b558000 rw-p 00000000 00:00 0 
7f964b558000-7f964b55b000 r-xp 00000000 fc:00 393144                     /lib/x86_64-linux-gnu/libdl-2.23.so
7f964b55b000-7f964b75a000 ---p 00003000 fc:00 393144                     /lib/x86_64-linux-gnu/libdl-2.23.so
7f964b75a000-7f964b75b000 r--p 00002000 fc:00 393144                     /lib/x86_64-linux-gnu/libdl-2.23.so
7f964b75b000-7f964b75c000 rw-p 00003000 fc:00 393144                     /lib/x86_64-linux-gnu/libdl-2.23.so
7f964b75c000-7f964b771000 r-xp 00000000 fc:00 1183288                    /usr/lib/jvm/java-7-oracle/lib/amd64/jli/libjli.so
7f964b771000-7f964b970000 ---p 00015000 fc:00 1183288                    /usr/lib/jvm/java-7-oracle/lib/amd64/jli/libjli.so
7f964b970000-7f964b971000 rw-p 00014000 fc:00 1183288                    /usr/lib/jvm/java-7-oracle/lib/amd64/jli/libjli.so
7f964b971000-7f964b989000 r-xp 00000000 fc:00 393152                     /lib/x86_64-linux-gnu/libpthread-2.23.so
7f964b989000-7f964bb88000 ---p 00018000 fc:00 393152                     /lib/x86_64-linux-gnu/libpthread-2.23.so
7f964bb88000-7f964bb89000 r--p 00017000 fc:00 393152                     /lib/x86_64-linux-gnu/libpthread-2.23.so
7f964bb89000-7f964bb8a000 rw-p 00018000 fc:00 393152                     /lib/x86_64-linux-gnu/libpthread-2.23.so
7f964bb8a000-7f964bb8e000 rw-p 00000000 00:00 0 
7f964bb8e000-7f964bbb4000 r-xp 00000000 fc:00 393148                     /lib/x86_64-linux-gnu/ld-2.23.so
7f964bbc3000-7f964bbcd000 rw-p 00000000 00:00 0 
7f964bbcd000-7f964bc83000 rw-p 00000000 00:00 0 
7f964bc83000-7f964bc86000 ---p 00000000 00:00 0 
7f964bc86000-7f964bd89000 rw-p 00000000 00:00 0 
7f964bda2000-7f964bda9000 r--s 00000000 fc:00 1457662                    /usr/lib/x86_64-linux-gnu/gconv/gconv-modules.cache
7f964bda9000-7f964bdb1000 rw-s 00000000 fc:00 1050737                    /tmp/hsperfdata_kicorangel/11786
7f964bdb1000-7f964bdb2000 rw-p 00000000 00:00 0 
7f964bdb2000-7f964bdb3000 r--p 00000000 00:00 0 
7f964bdb3000-7f964bdb4000 r--p 00025000 fc:00 393148                     /lib/x86_64-linux-gnu/ld-2.23.so
7f964bdb4000-7f964bdb5000 rw-p 00026000 fc:00 393148                     /lib/x86_64-linux-gnu/ld-2.23.so
7f964bdb5000-7f964bdb6000 rw-p 00000000 00:00 0 
7ffd81b1b000-7ffd81b3c000 rw-p 00000000 00:00 0                          [stack]
7ffd81bf3000-7ffd81bf6000 r--p 00000000 00:00 0                          [vvar]
7ffd81bf6000-7ffd81bf8000 r-xp 00000000 00:00 0                          [vdso]
ffffffffff600000-ffffffffff601000 r-xp 00000000 00:00 0                  [vsyscall]

VM Arguments:
jvm_args: -Xdebug -Xrunjdwp:transport=dt_socket,address=localhost:39472 -Dfile.encoding=UTF-8 -Xmx4000m -Xms4000m 
java_command: com.autoritas.repr.nGrams.Test gender word es 1 100
Launcher Type: SUN_STANDARD

Environment Variables:
JAVA_HOME=/usr/lib/jvm/java-8-oracle
PATH=/home/kicorangel/bin:/home/kicorangel/.local/bin:/usr/local/sbin:/usr/local/bin:/usr/sbin:/usr/bin:/sbin:/bin:/usr/games:/usr/local/games:/snap/bin:/usr/lib/jvm/java-8-oracle/bin:/usr/lib/jvm/java-8-oracle/db/bin:/usr/lib/jvm/java-8-oracle/jre/bin
LD_LIBRARY_PATH=/usr/lib/jvm/java-7-oracle/jre/lib/amd64:/usr/lib/jvm/java-7-oracle/jre/lib/i386:
SHELL=/bin/bash
DISPLAY=:0

Signal Handlers:
SIGSEGV: [libjvm.so+0x9a3b20], sa_mask[0]=0x7ffbfeff, sa_flags=0x10000004
SIGBUS: [libjvm.so+0x9a3b20], sa_mask[0]=0x7ffbfeff, sa_flags=0x10000004
SIGFPE: [libjvm.so+0x81e740], sa_mask[0]=0x7ffbfeff, sa_flags=0x10000004
SIGPIPE: [libjvm.so+0x81e740], sa_mask[0]=0x7ffbfeff, sa_flags=0x10000004
SIGXFSZ: [libjvm.so+0x81e740], sa_mask[0]=0x7ffbfeff, sa_flags=0x10000004
SIGILL: [libjvm.so+0x81e740], sa_mask[0]=0x7ffbfeff, sa_flags=0x10000004
SIGUSR1: SIG_DFL, sa_mask[0]=0x00000000, sa_flags=0x00000000
SIGUSR2: [libjvm.so+0x81ffb0], sa_mask[0]=0x00000004, sa_flags=0x10000004
SIGHUP: SIG_DFL, sa_mask[0]=0x00000000, sa_flags=0x00000000
SIGINT: SIG_IGN, sa_mask[0]=0x00000000, sa_flags=0x00000000
SIGTERM: SIG_DFL, sa_mask[0]=0x00000000, sa_flags=0x00000000
SIGQUIT: SIG_DFL, sa_mask[0]=0x00000000, sa_flags=0x00000000


---------------  S Y S T E M  ---------------

OS:stretch/sid

uname:Linux 4.4.0-145-generic #171-Ubuntu SMP Tue Mar 26 12:43:40 UTC 2019 x86_64
libc:glibc 2.23 NPTL 2.23 
rlimit: STACK 8192k, CORE 0k, NPROC 31008, NOFILE 1048576, AS infinity
load average:1,60 1,21 1,41

/proc/meminfo:
MemTotal:        8052004 kB
MemFree:          605936 kB
MemAvailable:    1490056 kB
Buffers:          207976 kB
Cached:          1455188 kB
SwapCached:         9816 kB
Active:          5432060 kB
Inactive:        1503408 kB
Active(anon):    4952756 kB
Inactive(anon):  1024064 kB
Active(file):     479304 kB
Inactive(file):   479344 kB
Unevictable:         128 kB
Mlocked:             128 kB
SwapTotal:       1048572 kB
SwapFree:         570268 kB
Dirty:               672 kB
Writeback:             0 kB
AnonPages:       5263940 kB
Mapped:           665780 kB
Shmem:            704208 kB
Slab:             300792 kB
SReclaimable:     233360 kB
SUnreclaim:        67432 kB
KernelStack:       18624 kB
PageTables:        90272 kB
NFS_Unstable:          0 kB
Bounce:                0 kB
WritebackTmp:          0 kB
CommitLimit:     5074572 kB
Committed_AS:   18008420 kB
VmallocTotal:   34359738367 kB
VmallocUsed:           0 kB
VmallocChunk:          0 kB
HardwareCorrupted:     0 kB
AnonHugePages:         0 kB
CmaTotal:              0 kB
CmaFree:               0 kB
HugePages_Total:       0
HugePages_Free:        0
HugePages_Rsvd:        0
HugePages_Surp:        0
Hugepagesize:       2048 kB
DirectMap4k:      666368 kB
DirectMap2M:     7600128 kB
DirectMap1G:     1048576 kB


CPU:total 4 (2 cores per cpu, 2 threads per core) family 6 model 69 stepping 1, cmov, cx8, fxsr, mmx, sse, sse2, sse3, ssse3, sse4.1, sse4.2, popcnt, avx, avx2, aes, erms, ht, tsc, tscinvbit

/proc/cpuinfo:
processor	: 0
vendor_id	: GenuineIntel
cpu family	: 6
model		: 69
model name	: Intel(R) Core(TM) i7-4500U CPU @ 1.80GHz
stepping	: 1
microcode	: 0x24
cpu MHz		: 2699.906
cache size	: 4096 KB
physical id	: 0
siblings	: 4
core id		: 0
cpu cores	: 2
apicid		: 0
initial apicid	: 0
fpu		: yes
fpu_exception	: yes
cpuid level	: 13
wp		: yes
flags		: fpu vme de pse tsc msr pae mce cx8 apic sep mtrr pge mca cmov pat pse36 clflush dts acpi mmx fxsr sse sse2 ss ht tm pbe syscall nx pdpe1gb rdtscp lm constant_tsc arch_perfmon pebs bts rep_good nopl xtopology nonstop_tsc aperfmperf pni pclmulqdq dtes64 monitor ds_cpl vmx est tm2 ssse3 sdbg fma cx16 xtpr pdcm pcid sse4_1 sse4_2 movbe popcnt tsc_deadline_timer aes xsave avx f16c rdrand lahf_lm abm epb invpcid_single ssbd ibrs ibpb stibp kaiser tpr_shadow vnmi flexpriority ept vpid fsgsbase tsc_adjust bmi1 avx2 smep bmi2 erms invpcid xsaveopt dtherm ida arat pln pts flush_l1d
bugs		: cpu_meltdown spectre_v1 spectre_v2 spec_store_bypass l1tf
bogomips	: 4788.93
clflush size	: 64
cache_alignment	: 64
address sizes	: 39 bits physical, 48 bits virtual
power management:

processor	: 1
vendor_id	: GenuineIntel
cpu family	: 6
model		: 69
model name	: Intel(R) Core(TM) i7-4500U CPU @ 1.80GHz
stepping	: 1
microcode	: 0x24
cpu MHz		: 2700.000
cache size	: 4096 KB
physical id	: 0
siblings	: 4
core id		: 0
cpu cores	: 2
apicid		: 1
initial apicid	: 1
fpu		: yes
fpu_exception	: yes
cpuid level	: 13
wp		: yes
flags		: fpu vme de pse tsc msr pae mce cx8 apic sep mtrr pge mca cmov pat pse36 clflush dts acpi mmx fxsr sse sse2 ss ht tm pbe syscall nx pdpe1gb rdtscp lm constant_tsc arch_perfmon pebs bts rep_good nopl xtopology nonstop_tsc aperfmperf pni pclmulqdq dtes64 monitor ds_cpl vmx est tm2 ssse3 sdbg fma cx16 xtpr pdcm pcid sse4_1 sse4_2 movbe popcnt tsc_deadline_timer aes xsave avx f16c rdrand lahf_lm abm epb invpcid_single ssbd ibrs ibpb stibp kaiser tpr_shadow vnmi flexpriority ept vpid fsgsbase tsc_adjust bmi1 avx2 smep bmi2 erms invpcid xsaveopt dtherm ida arat pln pts flush_l1d
bugs		: cpu_meltdown spectre_v1 spectre_v2 spec_store_bypass l1tf
bogomips	: 4788.93
clflush size	: 64
cache_alignment	: 64
address sizes	: 39 bits physical, 48 bits virtual
power management:

processor	: 2
vendor_id	: GenuineIntel
cpu family	: 6
model		: 69
model name	: Intel(R) Core(TM) i7-4500U CPU @ 1.80GHz
stepping	: 1
microcode	: 0x24
cpu MHz		: 2699.906
cache size	: 4096 KB
physical id	: 0
siblings	: 4
core id		: 1
cpu cores	: 2
apicid		: 2
initial apicid	: 2
fpu		: yes
fpu_exception	: yes
cpuid level	: 13
wp		: yes
flags		: fpu vme de pse tsc msr pae mce cx8 apic sep mtrr pge mca cmov pat pse36 clflush dts acpi mmx fxsr sse sse2 ss ht tm pbe syscall nx pdpe1gb rdtscp lm constant_tsc arch_perfmon pebs bts rep_good nopl xtopology nonstop_tsc aperfmperf pni pclmulqdq dtes64 monitor ds_cpl vmx est tm2 ssse3 sdbg fma cx16 xtpr pdcm pcid sse4_1 sse4_2 movbe popcnt tsc_deadline_timer aes xsave avx f16c rdrand lahf_lm abm epb invpcid_single ssbd ibrs ibpb stibp kaiser tpr_shadow vnmi flexpriority ept vpid fsgsbase tsc_adjust bmi1 avx2 smep bmi2 erms invpcid xsaveopt dtherm ida arat pln pts flush_l1d
bugs		: cpu_meltdown spectre_v1 spectre_v2 spec_store_bypass l1tf
bogomips	: 4788.93
clflush size	: 64
cache_alignment	: 64
address sizes	: 39 bits physical, 48 bits virtual
power management:

processor	: 3
vendor_id	: GenuineIntel
cpu family	: 6
model		: 69
model name	: Intel(R) Core(TM) i7-4500U CPU @ 1.80GHz
stepping	: 1
microcode	: 0x24
cpu MHz		: 2700.000
cache size	: 4096 KB
physical id	: 0
siblings	: 4
core id		: 1
cpu cores	: 2
apicid		: 3
initial apicid	: 3
fpu		: yes
fpu_exception	: yes
cpuid level	: 13
wp		: yes
flags		: fpu vme de pse tsc msr pae mce cx8 apic sep mtrr pge mca cmov pat pse36 clflush dts acpi mmx fxsr sse sse2 ss ht tm pbe syscall nx pdpe1gb rdtscp lm constant_tsc arch_perfmon pebs bts rep_good nopl xtopology nonstop_tsc aperfmperf pni pclmulqdq dtes64 monitor ds_cpl vmx est tm2 ssse3 sdbg fma cx16 xtpr pdcm pcid sse4_1 sse4_2 movbe popcnt tsc_deadline_timer aes xsave avx f16c rdrand lahf_lm abm epb invpcid_single ssbd ibrs ibpb stibp kaiser tpr_shadow vnmi flexpriority ept vpid fsgsbase tsc_adjust bmi1 avx2 smep bmi2 erms invpcid xsaveopt dtherm ida arat pln pts flush_l1d
bugs		: cpu_meltdown spectre_v1 spectre_v2 spec_store_bypass l1tf
bogomips	: 4788.93
clflush size	: 64
cache_alignment	: 64
address sizes	: 39 bits physical, 48 bits virtual
power management:



Memory: 4k page, physical 8052004k(605936k free), swap 1048572k(570268k free)

vm_info: Java HotSpot(TM) 64-Bit Server VM (24.80-b11) for linux-amd64 JRE (1.7.0_80-b15), built on Apr 10 2015 19:53:14 by "java_re" with gcc 4.3.0 20080428 (Red Hat 4.3.0-8)

time: Tue May 14 11:23:25 2019
elapsed time: 0 seconds

